c:\users\grogf\onedrive\desktop\opengl\project1\x64\debug\vc143.pdb
c:\users\grogf\onedrive\desktop\opengl\project1\x64\debug\vc143.idb
c:\users\grogf\onedrive\desktop\opengl\project1\x64\debug\vbo.obj
c:\users\grogf\onedrive\desktop\opengl\project1\x64\debug\vao.obj
c:\users\grogf\onedrive\desktop\opengl\project1\x64\debug\texture.obj
c:\users\grogf\onedrive\desktop\opengl\project1\x64\debug\stb.obj
c:\users\grogf\onedrive\desktop\opengl\project1\x64\debug\sphere.obj
c:\users\grogf\onedrive\desktop\opengl\project1\x64\debug\shaderclass.obj
c:\users\grogf\onedrive\desktop\opengl\project1\x64\debug\model.obj
c:\users\grogf\onedrive\desktop\opengl\project1\x64\debug\mesh.obj
c:\users\grogf\onedrive\desktop\opengl\project1\x64\debug\main.obj
c:\users\grogf\onedrive\desktop\opengl\project1\x64\debug\gameobject.obj
c:\users\grogf\onedrive\desktop\opengl\project1\x64\debug\ebo.obj
c:\users\grogf\onedrive\desktop\opengl\project1\x64\debug\cube.obj
c:\users\grogf\onedrive\desktop\opengl\project1\x64\debug\camera.obj
c:\users\grogf\onedrive\desktop\opengl\project1\x64\debug\glad.obj
c:\users\grogf\onedrive\desktop\opengl\project1\x64\debug\project1.exe
c:\users\grogf\onedrive\desktop\opengl\project1\x64\debug\project1.ilk
c:\users\grogf\onedrive\desktop\opengl\project1\x64\debug\project1.pdb
c:\users\grogf\onedrive\desktop\opengl\project1\x64\debug\project1.tlog\cl.command.1.tlog
c:\users\grogf\onedrive\desktop\opengl\project1\x64\debug\project1.tlog\cl.items.tlog
c:\users\grogf\onedrive\desktop\opengl\project1\x64\debug\project1.tlog\cl.read.1.tlog
c:\users\grogf\onedrive\desktop\opengl\project1\x64\debug\project1.tlog\cl.write.1.tlog
c:\users\grogf\onedrive\desktop\opengl\project1\x64\debug\project1.tlog\link.command.1.tlog
c:\users\grogf\onedrive\desktop\opengl\project1\x64\debug\project1.tlog\link.read.1.tlog
c:\users\grogf\onedrive\desktop\opengl\project1\x64\debug\project1.tlog\link.write.1.tlog
